f:\niranjan_1161\linkedlist\linkedlist\debug\vc141.pdb
f:\niranjan_1161\linkedlist\linkedlist\debug\vc141.idb
f:\niranjan_1161\linkedlist\linkedlist\debug\linkedlistmain.obj
f:\niranjan_1161\linkedlist\linkedlist\debug\linkedlist.obj
f:\niranjan_1161\linkedlist\linkedlist\debug\node.obj
f:\niranjan_1161\linkedlist\debug\linkedlist.exe
f:\niranjan_1161\linkedlist\debug\linkedlist.ilk
f:\niranjan_1161\linkedlist\debug\linkedlist.pdb
c:\users\dac\desktop\pratik1168\linkedlist\linkedlist\debug\linkedlist.obj
c:\users\dac\desktop\pratik1168\linkedlist\linkedlist\debug\linkedlistmain.obj
c:\users\dac\desktop\pratik1168\linkedlist\linkedlist\debug\node.obj
c:\users\dac\desktop\pratik1168\linkedlist\linkedlist\debug\vc141.idb
c:\users\dac\desktop\pratik1168\linkedlist\linkedlist\debug\vc141.pdb
c:\users\dac\desktop\pratik1168\linkedlist\debug\linkedlist.pdb
c:\users\dac\desktop\pratik1168\linkedlist\debug\linkedlist.exe
c:\users\dac\desktop\pratik1168\linkedlist\debug\linkedlist.ilk
c:\users\dac\desktop\pratik1168\linkedlist\linkedlist\debug\linkedlist.tlog\cl.command.1.tlog
c:\users\dac\desktop\pratik1168\linkedlist\linkedlist\debug\linkedlist.tlog\cl.read.1.tlog
c:\users\dac\desktop\pratik1168\linkedlist\linkedlist\debug\linkedlist.tlog\cl.write.1.tlog
c:\users\dac\desktop\pratik1168\linkedlist\linkedlist\debug\linkedlist.tlog\link.command.1.tlog
c:\users\dac\desktop\pratik1168\linkedlist\linkedlist\debug\linkedlist.tlog\link.read.1.tlog
c:\users\dac\desktop\pratik1168\linkedlist\linkedlist\debug\linkedlist.tlog\link.write.1.tlog
